********************************************************************************
DUPLICATOR-LITE PACKAGE-LOG: April 3, 2025 12:41 am
NOTICE: Do NOT post to public sites or forums 
********************************************************************************
VERSION:	1.5.12
WORDPRESS:	6.7.2
PHP INFO:	8.2.23 | SAPI: cgi-fcgi
SERVER:		Apache/2.4.43 (Win32) mod_fcgid/2.3.9a 
PHP TIME LIMIT: (0) no time limit imposed 
PHP MAX MEMORY: 4294967296 (256M default) 
MEMORY STACK: 100MB
[CTRL DUP ARCIVE] PACKAGE AS NEW ID 1 SAVED | STATUS:0
[DUP ARCHIVE] BUILDING DATABASE

********************************************************************************
DATABASE:
********************************************************************************
BUILD MODE:   PHP(query limit - 100)
MYSQLTIMEOUT: 5000
MYSQLDUMP:    Not Supported
TABLES: total:59 | filtered:0 | create:59
FILTERED: []
SQL CREATED: 20250403_fasthealz_355da64896f77bb44198_20250403004032_database.sql
SQL FILE SIZE: 2.4MB (2521098)
SQL FILE TIME: 2025-04-03 00:41:02
SQL RUNTIME: 1.22 sec.
[DUP ARCHIVE] VALIDATING DATABASE
[DUP ARCHIVE] DONE DATABASE

********************************************************************************
ARCHIVE Type=DUP Mode=DupArchive
********************************************************************************
ARCHIVE DIR:  D:/WORKSPACE/fasthealz/app/public
ARCHIVE FILE: 20250403_fasthealz_355da64896f77bb44198_20250403004032_archive.daf
FILTERS: *OFF*
DIRS:
	not set
FILES:
	not set
EXTS:  not set
----------------------------------------
COMPRESSING
SIZE:	216.54MB
STATS:	Dirs 2,599 | Files 14,635 | Total 17,234
[DUP ARCHIVE] DONE ARCHIVE
[DUP ARCHIVE] DONE ARCHIVE
[DUP ARCHIVE] DONE ARCHIVE
[DUP ARCHIVE] DONE ARCHIVE
[DUP ARCHIVE] DONE ARCHIVE
[DUP ARCHIVE] DONE ARCHIVE
[DUP ARCHIVE] DONE ARCHIVE
